Running: /opt/Xilinx/14.7/ISE_DS/ISE/bin/lin64/unwrapped/fuse -intstyle ise -incremental -lib secureip -o /home/nibba/Xilinx/online_class/T_FF_test_isim_beh.exe -prj /home/nibba/Xilinx/online_class/T_FF_test_beh.prj work.T_FF_test 
ISim P.20131013 (signature 0xfbc00daa)
Number of CPUs detected in this system: 4
Turning on mult-threading, number of parallel sub-compilation jobs: 8 
Determining compilation order of HDL files
Parsing VHDL file "/home/nibba/Xilinx/online_class/T_FF.vhd" into library work
Parsing VHDL file "/home/nibba/Xilinx/online_class/T_FF_test.vhd" into library work
Starting static elaboration
Completed static elaboration
Fuse Memory Usage: 83252 KB
Fuse CPU Usage: 1270 ms
Compiling package standard
Compiling package std_logic_1164
Compiling architecture behavioral of entity T_FF [t_ff_default]
Compiling architecture behavior of entity t_ff_test
Time Resolution for simulation is 1ps.
Waiting for 1 sub-compilation(s) to finish...
Compiled 5 VHDL Units
Built simulation executable /home/nibba/Xilinx/online_class/T_FF_test_isim_beh.exe
Fuse Memory Usage: 649064 KB
Fuse CPU Usage: 1300 ms
GCC CPU Usage: 280 ms
